<?xml version="1.0" encoding="UTF-8"?>
<!-- Generated by org.testng.reporters.JUnitXMLReporter -->
<testsuite ignored="0" hostname="ABCOM-C02GC2A4Q05Q.local" failures="1" tests="3" name="Login Test Suite" time="124.096" errors="0" timestamp="2025-09-15T14:11:39 IST">
  <testcase classname="tests.LoginTest" name="testSuccessfulLogin" time="35.408"/>
  <testcase classname="tests.LoginTest" name="testLoginWithInvalidEmail" time="29.205"/>
  <testcase classname="tests.LoginTest" name="testLoginWithInvalidPassword" time="15.057">
    <failure type="org.openqa.selenium.NoSuchElementException" message="An element could not be located on the page using the given search parameters.
For documentation on this error, please visit: https://www.selenium.dev/documentation/webdriver/troubleshooting/errors#no-such-element-exception
Build info: version: &amp;apos;4.11.0&amp;apos;, revision: &amp;apos;040bc5406b&amp;apos;
System info: os.name: &amp;apos;Mac OS X&amp;apos;, os.arch: &amp;apos;aarch64&amp;apos;, os.version: &amp;apos;15.3.2&amp;apos;, java.version: &amp;apos;24.0.2&amp;apos;
Driver info: io.appium.java_client.android.AndroidDriver
Command: [495269ab-5e74-4e77-8cbe-a21cb0fc2f83, findElement {using=xpath, value=//android.widget.ImageView[contains(@content-desc, &amp;apos;Tap to Start&amp;apos;)]}]
Capabilities {appium:appActivity: com.raising.prodigy.MainAct..., appium:appPackage: com.raising.prodigy, appium:autoGrantPermissions: true, appium:automationName: UiAutomator2, appium:databaseEnabled: false, appium:desired: {appActivity: com.raising.prodigy.MainAct..., appPackage: com.raising.prodigy, autoGrantPermissions: true, automationName: UiAutomator2, deviceName: emulator-5554, noReset: false, platformName: ANDROID, platformVersion: 16}, appium:deviceApiLevel: 36, appium:deviceManufacturer: Google, appium:deviceModel: sdk_gphone64_arm64, appium:deviceName: emulator-5554, appium:deviceScreenDensity: 420, appium:deviceScreenSize: 1080x2400, appium:deviceUDID: emulator-5554, appium:javascriptEnabled: true, appium:locationContextEnabled: false, appium:networkConnectionEnabled: true, appium:noReset: false, appium:pixelRatio: 2.625, appium:platformVersion: 16, appium:statBarHeight: 136, appium:takesScreenshot: true, appium:viewportRect: {height: 2264, left: 0, top: 136, width: 1080}, appium:warnings: {}, appium:webStorageEnabled: false, platformName: ANDROID}
Session ID: 495269ab-5e74-4e77-8cbe-a21cb0fc2f83">
      <![CDATA[org.openqa.selenium.NoSuchElementException: An element could not be located on the page using the given search parameters.
For documentation on this error, please visit: https://www.selenium.dev/documentation/webdriver/troubleshooting/errors#no-such-element-exception
Build info: version: '4.11.0', revision: '040bc5406b'
System info: os.name: 'Mac OS X', os.arch: 'aarch64', os.version: '15.3.2', java.version: '24.0.2'
Driver info: io.appium.java_client.android.AndroidDriver
Command: [495269ab-5e74-4e77-8cbe-a21cb0fc2f83, findElement {using=xpath, value=//android.widget.ImageView[contains(@content-desc, 'Tap to Start')]}]
Capabilities {appium:appActivity: com.raising.prodigy.MainAct..., appium:appPackage: com.raising.prodigy, appium:autoGrantPermissions: true, appium:automationName: UiAutomator2, appium:databaseEnabled: false, appium:desired: {appActivity: com.raising.prodigy.MainAct..., appPackage: com.raising.prodigy, autoGrantPermissions: true, automationName: UiAutomator2, deviceName: emulator-5554, noReset: false, platformName: ANDROID, platformVersion: 16}, appium:deviceApiLevel: 36, appium:deviceManufacturer: Google, appium:deviceModel: sdk_gphone64_arm64, appium:deviceName: emulator-5554, appium:deviceScreenDensity: 420, appium:deviceScreenSize: 1080x2400, appium:deviceUDID: emulator-5554, appium:javascriptEnabled: true, appium:locationContextEnabled: false, appium:networkConnectionEnabled: true, appium:noReset: false, appium:pixelRatio: 2.625, appium:platformVersion: 16, appium:statBarHeight: 136, appium:takesScreenshot: true, appium:viewportRect: {height: 2264, left: 0, top: 136, width: 1080}, appium:warnings: {}, appium:webStorageEnabled: false, platformName: ANDROID}
Session ID: 495269ab-5e74-4e77-8cbe-a21cb0fc2f83
at org.openqa.selenium.remote.codec.w3c.W3CHttpResponseCodec.createException(W3CHttpResponseCodec.java:200)
at org.openqa.selenium.remote.codec.w3c.W3CHttpResponseCodec.decode(W3CHttpResponseCodec.java:133)
at org.openqa.selenium.remote.codec.w3c.W3CHttpResponseCodec.decode(W3CHttpResponseCodec.java:52)
at org.openqa.selenium.remote.HttpCommandExecutor.execute(HttpCommandExecutor.java:191)
at io.appium.java_client.remote.AppiumCommandExecutor.execute(AppiumCommandExecutor.java:250)
at org.openqa.selenium.remote.RemoteWebDriver.execute(RemoteWebDriver.java:518)
at org.openqa.selenium.remote.ElementLocation$ElementFinder$2.findElement(ElementLocation.java:165)
at org.openqa.selenium.remote.ElementLocation.findElement(ElementLocation.java:59)
at org.openqa.selenium.remote.RemoteWebDriver.findElement(RemoteWebDriver.java:355)
at org.openqa.selenium.remote.RemoteWebDriver.findElement(RemoteWebDriver.java:349)
at pages.LoginPage.completeLoginFlowWithInvalidPassword(LoginPage.java:120)
at tests.LoginTest.testLoginWithInvalidPassword(LoginTest.java:116)
at java.base/java.util.ArrayList.forEach(ArrayList.java:1604)
... Removed 32 stack frames]]>
    </failure>
  </testcase> <!-- testLoginWithInvalidPassword -->
</testsuite> <!-- Login Test Suite -->
